<?xml version="1.0" encoding="utf-8"?><testsuites><testsuite name="pytest" errors="0" failures="0" skipped="0" tests="3" time="27.544" timestamp="2023-10-09T20:18:47.084917" hostname="Keerthu_Sai"><testcase classname="test_e2e.TestPurchase" name="test_userRegistration[getDataRegistration0]" time="9.839" /><testcase classname="test_e2e.TestPurchase" name="test_userLogin[getDataUserLogin0]" time="1.866" /><testcase classname="test_e2e.TestPurchase" name="test_purchaseProduct[getDataPurchase0]" time="15.761" /></testsuite></testsuites>